11-18-2020 21:48:00     Info        *********************************************************************
11-18-2020 21:48:00     Info        ***                      Started processing                       ***
11-18-2020 21:48:00     Info        ***                      Script Version:  1.0                     ***
11-18-2020 21:48:00     Info        *********************************************************************

11-18-2020 21:48:00     Info        *********************************************************************

11-18-2020 21:48:00     Info        Collected Dates from Get-StartEndOfMonth
11-18-2020 21:48:00     Info        11/18/2020 21:48:00
11-18-2020 21:48:00     Info        11/01/2020 00:00:00
11-18-2020 21:48:00     Info        11/30/2020 23:59:59
11-18-2020 21:48:00     Info        Running Function TaskOrganizerDailyTasks
11-18-2020 21:48:00     Info        Getting Tasks TaskOrganizerDailyTasks
11-18-2020 21:48:00     Info        Running Task TestScriptDaily.ps1
11-18-2020 21:48:00     Info        Running Function TaskOrganizerMonthlyFirstDayTasks
11-18-2020 21:48:00     Info        No tasks to run in TaskOrganizerMonthlyFirstDayTasks
11-18-2020 21:48:00     Info        Running Function TaskOrganizerMonthlyLastDayTasks
11-18-2020 21:48:00     Info        No tasks to run in TaskOrganizerMonthlyLastDayTasks
11-18-2020 21:48:00     Info        Running Function TaskOrganizerDay_18
11-18-2020 21:48:00     Info        Getting Tasks TaskOrganizerDay_18
11-18-2020 21:48:00     Info        Running Task TestScriptDay.ps1
11-18-2020 21:48:06     Info        Running Function TaskOrganizerMonthlyLastSaturdayTasks
11-18-2020 21:48:06     Info        No tasks to run in TaskOrganizerMonthlyLastSaturdayTasks

11-18-2020 21:48:06     Info        *********************************************************************
11-18-2020 21:48:06     Info        Finished processing.
11-18-2020 21:48:06     Info        *********************************************************************
