11-18-2020 22:24:47     Info        *********************************************************************
11-18-2020 22:24:47     Info        ***                      Started processing                       ***
11-18-2020 22:24:47     Info        ***                      Script Version:  1.00                    ***
11-18-2020 22:24:47     Info        *********************************************************************

11-18-2020 22:24:47     Info        *********************************************************************

11-18-2020 22:24:47     Info        Collected Dates from Get-StartEndOfMonth
11-18-2020 22:24:47     Info        11/18/2020 22:24:47
11-18-2020 22:24:47     Info        11/01/2020 00:00:00
11-18-2020 22:24:47     Info        11/30/2020 23:59:59
11-18-2020 22:24:47     Info        Running Function TaskOrganizerDailyTasks
11-18-2020 22:24:47     Info        Getting Tasks TaskOrganizerDailyTasks
11-18-2020 22:24:47     Info        Running Task TestScriptDaily.ps1
11-18-2020 22:24:47     Info        Running Function TaskOrganizerMonthlyFirstDayTasks
11-18-2020 22:24:47     Info        No tasks to run in TaskOrganizerMonthlyFirstDayTasks
11-18-2020 22:24:47     Info        Running Function TaskOrganizerMonthlyLastDayTasks
11-18-2020 22:24:47     Info        No tasks to run in TaskOrganizerMonthlyLastDayTasks
11-18-2020 22:24:47     Info        Running Function TaskOrganizerDay_18
11-18-2020 22:24:47     Info        Getting Tasks TaskOrganizerDay_18
11-18-2020 22:24:47     Info        Running Task TestScriptDay.ps1
11-18-2020 22:24:53     Info        Running Function TaskOrganizerMonthlyLastSaturdayTasks
11-18-2020 22:24:53     Info        No tasks to run in TaskOrganizerMonthlyLastSaturdayTasks

11-18-2020 22:24:53     Info        *********************************************************************
11-18-2020 22:24:53     Info        Finished processing.
11-18-2020 22:24:53     Info        *********************************************************************
